Hydra-NL                Versienummer: 2.8.2                      mei 2021
Naam gebruiker                                       = batem
Datum berekening                                     = 29-06-2026 15:59:51
Locatie                                              = 15-03_00148_1_HY_km0013.70
Inlezen sluitfunctie Europoortkering
Inlezen sluitfunctie Hollandsche IJsselkering

Uitlezen relevante gegevens uit database
 Plaatsen van de databasegegevens in overzichtelijke structuur
 Er zijn 1071 aanpassingen gedaan aan de matrix met waterstanden
 omdat de waterstand afnam als de zeewaterstand en/of afvoer toeneemt!
 Er zijn  116 aanpassingen gedaan aan de matrix met waterstanden na uitbreiding van het rekenrooster
 omdat de waterstand afnam als de zeewaterstand en/of afvoer toeneemt!
Berekenen golfoverslag ................ 
 
Berekening voor hulp(dijk)hoogte  4.00 m+NAP
Berekening voor hulp(dijk)hoogte  3.50 m+NAP
Berekening voor hulp(dijk)hoogte  3.00 m+NAP
Berekening voor hulp(dijk)hoogte  2.50 m+NAP
Berekening voor hulp(dijk)hoogte  2.00 m+NAP
Berekening voor hulp(dijk)hoogte  3.90 m+NAP
Berekening voor hulp(dijk)hoogte  2.40 m+NAP
Berekening voor hulp(dijk)hoogte  2.40 m+NAP
Berekening voor hulp(dijk)hoogte  2.42 m+NAP
Berekening voor hulp(dijk)hoogte  2.44 m+NAP
Berekening voor hulp(dijk)hoogte  2.46 m+NAP
Berekening voor hulp(dijk)hoogte  2.48 m+NAP
Berekening voor hulp(dijk)hoogte  2.50 m+NAP
Berekening voor hulp(dijk)hoogte  2.52 m+NAP
Berekening voor hulp(dijk)hoogte  2.54 m+NAP
Berekening voor hulp(dijk)hoogte  2.56 m+NAP
Berekening voor hulp(dijk)hoogte  2.58 m+NAP
Berekening voor hulp(dijk)hoogte  2.60 m+NAP
Berekening voor hulp(dijk)hoogte  2.62 m+NAP
Berekening voor hulp(dijk)hoogte  2.64 m+NAP
Berekening voor hulp(dijk)hoogte  2.66 m+NAP
Berekening voor hulp(dijk)hoogte  2.68 m+NAP
Berekening voor hulp(dijk)hoogte  2.70 m+NAP
Berekening voor hulp(dijk)hoogte  2.72 m+NAP
Berekening voor hulp(dijk)hoogte  2.74 m+NAP
Berekening voor hulp(dijk)hoogte  2.76 m+NAP
Berekening voor hulp(dijk)hoogte  2.78 m+NAP
Berekening voor hulp(dijk)hoogte  2.80 m+NAP
Berekening voor hulp(dijk)hoogte  2.82 m+NAP
Berekening voor hulp(dijk)hoogte  2.84 m+NAP
Berekening voor hulp(dijk)hoogte  2.86 m+NAP
Berekening voor hulp(dijk)hoogte  2.88 m+NAP
Berekening voor hulp(dijk)hoogte  2.90 m+NAP
Berekening voor hulp(dijk)hoogte  2.92 m+NAP
Berekening voor hulp(dijk)hoogte  2.94 m+NAP
Berekening voor hulp(dijk)hoogte  2.96 m+NAP
Berekening voor hulp(dijk)hoogte  2.98 m+NAP
Berekening voor hulp(dijk)hoogte  3.00 m+NAP
Berekening voor hulp(dijk)hoogte  3.02 m+NAP
Berekening voor hulp(dijk)hoogte  3.04 m+NAP
Berekening voor hulp(dijk)hoogte  3.06 m+NAP
Berekening voor hulp(dijk)hoogte  3.08 m+NAP
Berekening voor hulp(dijk)hoogte  3.10 m+NAP
Berekening voor hulp(dijk)hoogte  3.12 m+NAP
Berekening voor hulp(dijk)hoogte  3.14 m+NAP
Berekening voor hulp(dijk)hoogte  3.16 m+NAP
Berekening voor hulp(dijk)hoogte  3.18 m+NAP
Berekening voor hulp(dijk)hoogte  3.20 m+NAP
Berekening voor hulp(dijk)hoogte  3.22 m+NAP
Berekening voor hulp(dijk)hoogte  3.24 m+NAP
Berekening voor hulp(dijk)hoogte  3.26 m+NAP
Berekening voor hulp(dijk)hoogte  3.28 m+NAP
Berekening voor hulp(dijk)hoogte  3.30 m+NAP
Berekening voor hulp(dijk)hoogte  3.32 m+NAP
Berekening voor hulp(dijk)hoogte  3.34 m+NAP
Berekening voor hulp(dijk)hoogte  3.36 m+NAP
Berekening voor hulp(dijk)hoogte  3.38 m+NAP
Berekening voor hulp(dijk)hoogte  3.40 m+NAP
Berekening voor hulp(dijk)hoogte  3.42 m+NAP
Berekening voor hulp(dijk)hoogte  3.44 m+NAP
Berekening voor hulp(dijk)hoogte  3.46 m+NAP
Berekening voor hulp(dijk)hoogte  3.48 m+NAP
Berekening voor hulp(dijk)hoogte  3.50 m+NAP
Berekening voor hulp(dijk)hoogte  3.52 m+NAP
Berekening voor hulp(dijk)hoogte  3.54 m+NAP
Berekening voor hulp(dijk)hoogte  3.56 m+NAP
Berekening voor hulp(dijk)hoogte  3.58 m+NAP
Berekening voor hulp(dijk)hoogte  3.60 m+NAP
Berekening voor hulp(dijk)hoogte  3.62 m+NAP
Berekening voor hulp(dijk)hoogte  3.64 m+NAP
Berekening voor hulp(dijk)hoogte  3.66 m+NAP
Berekening voor hulp(dijk)hoogte  3.68 m+NAP
Berekening voor hulp(dijk)hoogte  3.70 m+NAP
Berekening voor hulp(dijk)hoogte  3.72 m+NAP
Berekening voor hulp(dijk)hoogte  3.74 m+NAP
Berekening voor hulp(dijk)hoogte  3.76 m+NAP
Berekening voor hulp(dijk)hoogte  3.78 m+NAP
Berekening voor hulp(dijk)hoogte  3.80 m+NAP
Berekening voor hulp(dijk)hoogte  3.82 m+NAP
Berekening voor hulp(dijk)hoogte  3.84 m+NAP
Berekening voor hulp(dijk)hoogte  3.86 m+NAP
Berekening voor hulp(dijk)hoogte  3.88 m+NAP
Berekening voor hulp(dijk)hoogte  3.90 m+NAP

Berekening van de bijdragen van windrichting en toestanden keringen:
Berekening voor een gesloten Hollandsche IJsselkering zonder waterbezwaar
Berekening voor berekend/opgegeven niveau  3.14 m+NAP
  Berekening voor windrichting 360.0 graden
  Berekening voor windrichting 337.5 graden
  Berekening voor windrichting 315.0 graden
  Berekening voor windrichting 292.5 graden
  Berekening voor windrichting 270.0 graden
  Berekening voor windrichting 247.5 graden
  Berekening voor windrichting 225.0 graden
  Berekening voor de oostelijke windrichtingen
Berekening voor een gesloten Hollandsche IJsselkering met waterbezwaar
Berekening voor berekend/opgegeven niveau  3.14 m+NAP
  Berekening voor windrichting 360.0 graden
  Berekening voor windrichting 337.5 graden
  Berekening voor windrichting 315.0 graden
  Berekening voor windrichting 247.5 graden
  Berekening voor windrichting 270.0 graden
  Berekening voor windrichting 292.5 graden
  Berekening voor de oostelijke windrichtingen
  Berekening voor windrichting 225.0 graden
Berekening voor een gesloten Hollandsche IJsselkering zonder waterbezwaar
Berekening voor berekend/opgegeven niveau  3.26 m+NAP
  Berekening voor windrichting 360.0 graden
  Berekening voor windrichting 315.0 graden
  Berekening voor windrichting 247.5 graden
  Berekening voor windrichting 337.5 graden
  Berekening voor de oostelijke windrichtingen
  Berekening voor windrichting 270.0 graden
  Berekening voor windrichting 225.0 graden
  Berekening voor windrichting 292.5 graden
Berekening voor een gesloten Hollandsche IJsselkering met waterbezwaar
Berekening voor berekend/opgegeven niveau  3.26 m+NAP
  Berekening voor windrichting 360.0 graden
  Berekening voor windrichting 337.5 graden
  Berekening voor windrichting 292.5 graden
  Berekening voor windrichting 225.0 graden
  Berekening voor windrichting 315.0 graden
  Berekening voor windrichting 270.0 graden
  Berekening voor windrichting 247.5 graden
  Berekening voor de oostelijke windrichtingen
Berekening voor een gesloten Hollandsche IJsselkering zonder waterbezwaar
Berekening voor berekend/opgegeven niveau  3.34 m+NAP
  Berekening voor windrichting 360.0 graden
  Berekening voor windrichting 337.5 graden
  Berekening voor windrichting 270.0 graden
  Berekening voor windrichting 292.5 graden
  Berekening voor windrichting 315.0 graden
  Berekening voor de oostelijke windrichtingen
  Berekening voor windrichting 225.0 graden
  Berekening voor windrichting 247.5 graden
Berekening voor een gesloten Hollandsche IJsselkering met waterbezwaar
Berekening voor berekend/opgegeven niveau  3.34 m+NAP
  Berekening voor windrichting 360.0 graden
  Berekening voor windrichting 337.5 graden
  Berekening voor windrichting 270.0 graden
  Berekening voor windrichting 247.5 graden
  Berekening voor windrichting 315.0 graden
  Berekening voor windrichting 292.5 graden
  Berekening voor de oostelijke windrichtingen
  Berekening voor windrichting 225.0 graden
Berekening voor een gesloten Hollandsche IJsselkering zonder waterbezwaar
Berekening voor berekend/opgegeven niveau  3.45 m+NAP
  Berekening voor windrichting 360.0 graden
  Berekening voor windrichting 315.0 graden
  Berekening voor windrichting 270.0 graden
  Berekening voor de oostelijke windrichtingen
  Berekening voor windrichting 337.5 graden
  Berekening voor windrichting 292.5 graden
  Berekening voor windrichting 247.5 graden
  Berekening voor windrichting 225.0 graden
Berekening voor een gesloten Hollandsche IJsselkering met waterbezwaar
Berekening voor berekend/opgegeven niveau  3.45 m+NAP
  Berekening voor windrichting 360.0 graden
  Berekening voor windrichting 337.5 graden
  Berekening voor windrichting 315.0 graden
  Berekening voor windrichting 225.0 graden
  Berekening voor windrichting 292.5 graden
  Berekening voor de oostelijke windrichtingen
  Berekening voor windrichting 270.0 graden
  Berekening voor windrichting 247.5 graden
Berekening voor een gesloten Hollandsche IJsselkering zonder waterbezwaar
Berekening voor berekend/opgegeven niveau  3.36 m+NAP
  Berekening voor windrichting 360.0 graden
  Berekening voor windrichting 315.0 graden
  Berekening voor windrichting 337.5 graden
  Berekening voor windrichting 270.0 graden
  Berekening voor de oostelijke windrichtingen
  Berekening voor windrichting 247.5 graden
  Berekening voor windrichting 225.0 graden
  Berekening voor windrichting 292.5 graden
Berekening voor een gesloten Hollandsche IJsselkering met waterbezwaar
Berekening voor berekend/opgegeven niveau  3.36 m+NAP
  Berekening voor windrichting 360.0 graden
  Berekening voor windrichting 337.5 graden
  Berekening voor windrichting 225.0 graden
  Berekening voor windrichting 292.5 graden
  Berekening voor de oostelijke windrichtingen
  Berekening voor windrichting 270.0 graden
  Berekening voor windrichting 247.5 graden
  Berekening voor windrichting 315.0 graden
Berekening voor een gesloten Hollandsche IJsselkering zonder waterbezwaar
Berekening voor berekend/opgegeven niveau  3.46 m+NAP
  Berekening voor windrichting 360.0 graden
  Berekening voor windrichting 337.5 graden
  Berekening voor windrichting 315.0 graden
  Berekening voor windrichting 292.5 graden
  Berekening voor de oostelijke windrichtingen
  Berekening voor windrichting 225.0 graden
  Berekening voor windrichting 270.0 graden
  Berekening voor windrichting 247.5 graden
Berekening voor een gesloten Hollandsche IJsselkering met waterbezwaar
Berekening voor berekend/opgegeven niveau  3.46 m+NAP
  Berekening voor windrichting 360.0 graden
  Berekening voor windrichting 337.5 graden
  Berekening voor windrichting 292.5 graden
  Berekening voor windrichting 270.0 graden
  Berekening voor windrichting 225.0 graden
  Berekening voor de oostelijke windrichtingen
  Berekening voor windrichting 247.5 graden
  Berekening voor windrichting 315.0 graden
Berekening voor een gesloten Hollandsche IJsselkering zonder waterbezwaar
Berekening voor berekend/opgegeven niveau  3.56 m+NAP
  Berekening voor windrichting 360.0 graden
  Berekening voor windrichting 337.5 graden
  Berekening voor windrichting 270.0 graden
  Berekening voor windrichting 247.5 graden
  Berekening voor windrichting 225.0 graden
  Berekening voor windrichting 315.0 graden
  Berekening voor windrichting 292.5 graden
  Berekening voor de oostelijke windrichtingen
Berekening voor een gesloten Hollandsche IJsselkering met waterbezwaar
Berekening voor berekend/opgegeven niveau  3.56 m+NAP
  Berekening voor windrichting 360.0 graden
  Berekening voor windrichting 337.5 graden
  Berekening voor de oostelijke windrichtingen
  Berekening voor windrichting 247.5 graden
  Berekening voor windrichting 315.0 graden
  Berekening voor windrichting 292.5 graden
  Berekening voor windrichting 270.0 graden
  Berekening voor windrichting 225.0 graden
Berekening voor een gesloten Hollandsche IJsselkering zonder waterbezwaar
Berekening voor berekend/opgegeven niveau  3.76 m+NAP
  Berekening voor windrichting 360.0 graden
  Berekening voor windrichting 337.5 graden
  Berekening voor windrichting 270.0 graden
  Berekening voor de oostelijke windrichtingen
  Berekening voor windrichting 292.5 graden
  Berekening voor windrichting 225.0 graden
  Berekening voor windrichting 247.5 graden
  Berekening voor windrichting 315.0 graden
Berekening voor een gesloten Hollandsche IJsselkering met waterbezwaar
Berekening voor berekend/opgegeven niveau  3.76 m+NAP
  Berekening voor windrichting 360.0 graden
  Berekening voor windrichting 315.0 graden
  Berekening voor windrichting 225.0 graden
  Berekening voor de oostelijke windrichtingen
  Berekening voor windrichting 337.5 graden
  Berekening voor windrichting 270.0 graden
  Berekening voor windrichting 247.5 graden
  Berekening voor windrichting 292.5 graden
Illustratiepuntenberekening
  Windrichting: 360.0 graden
  Windrichting: 337.5 graden
  Windrichting: 315.0 graden
  Windrichting: 292.5 graden
  Windrichting: 270.0 graden
  Windrichting: 247.5 graden
  Windrichting: 225.0 graden
  Oostelijke windrichtingen
 Berekening is geslaagd.
